ноя 08, 2015 12:11:00 PM org.apache.catalina.startup.VersionLoggerListener log
INFO: Server version:        Apache Tomcat/7.0.65
ноя 08, 2015 12:11:00 PM org.apache.catalina.startup.VersionLoggerListener log
INFO: Server built:          Oct 9 2015 08:36:58 UTC
ноя 08, 2015 12:11:00 PM org.apache.catalina.startup.VersionLoggerListener log
INFO: Server number:         7.0.65.0
ноя 08, 2015 12:11:00 PM org.apache.catalina.startup.VersionLoggerListener log
INFO: OS Name:               Windows 8.1
ноя 08, 2015 12:11:00 PM org.apache.catalina.startup.VersionLoggerListener log
INFO: OS Version:            6.3
ноя 08, 2015 12:11:00 PM org.apache.catalina.startup.VersionLoggerListener log
INFO: Architecture:          amd64
ноя 08, 2015 12:11:00 PM org.apache.catalina.startup.VersionLoggerListener log
INFO: Java Home:             C:\Java\jre7
ноя 08, 2015 12:11:00 PM org.apache.catalina.startup.VersionLoggerListener log
INFO: JVM Version:           1.7.0_80-b15
ноя 08, 2015 12:11:00 PM org.apache.catalina.startup.VersionLoggerListener log
INFO: JVM Vendor:            Oracle Corporation
ноя 08, 2015 12:11:00 PM org.apache.catalina.startup.VersionLoggerListener log
INFO: CATALINA_BASE:         C:\apache-tomcat-7.0.65
ноя 08, 2015 12:11:00 PM org.apache.catalina.startup.VersionLoggerListener log
INFO: CATALINA_HOME:         C:\apache-tomcat-7.0.65
ноя 08, 2015 12:11:00 PM org.apache.catalina.startup.VersionLoggerListener log
INFO: Command line argument: -Djava.util.logging.config.file=C:\apache-tomcat-7.0.65\conf\logging.properties
ноя 08, 2015 12:11:00 PM org.apache.catalina.startup.VersionLoggerListener log
INFO: Command line argument: -Djava.util.logging.manager=org.apache.juli.ClassLoaderLogManager
ноя 08, 2015 12:11:00 PM org.apache.catalina.startup.VersionLoggerListener log
INFO: Command line argument: -Djava.endorsed.dirs=C:\apache-tomcat-7.0.65\endorsed
ноя 08, 2015 12:11:00 PM org.apache.catalina.startup.VersionLoggerListener log
INFO: Command line argument: -Dcatalina.base=C:\apache-tomcat-7.0.65
ноя 08, 2015 12:11:00 PM org.apache.catalina.startup.VersionLoggerListener log
INFO: Command line argument: -Dcatalina.home=C:\apache-tomcat-7.0.65
ноя 08, 2015 12:11:00 PM org.apache.catalina.startup.VersionLoggerListener log
INFO: Command line argument: -Djava.io.tmpdir=C:\apache-tomcat-7.0.65\temp
ноя 08, 2015 12:11:00 PM org.apache.catalina.core.AprLifecycleListener lifecycleEvent
INFO: The APR based Apache Tomcat Native library which allows optimal performance in production environments was not found on the java.library.path: C:\Java\jre7\bin;C:\WINDOWS\Sun\Java\bin;C:\WINDOWS\system32;C:\WINDOWS;C:\WINDOWS\system32;C:\WINDOWS;C:\WINDOWS\System32\Wbem;C:\WINDOWS\System32\WindowsPowerShell\v1.0\;C:\Program Files (x86)\ATI Technologies\ATI.ACE\Core-Static;C:\Program Files (x86)\Skype\Phone\;C:\Program Files\Microsoft SQL Server\120\Tools\Binn\;C:\Program Files (x86)\Windows Kits\10\Windows Performance Toolkit\;C:\Java\JDK7.80\bin\;C:\Program Files\Git\cmd;C:\Program Files (x86)\MySQL\MySQL Fabric 1.5 & MySQL Utilities 1.5\;C:\Program Files (x86)\MySQL\MySQL Fabric 1.5 & MySQL Utilities 1.5\Doctrine extensions for PHP\;.
ноя 08, 2015 12:11:02 PM org.apache.coyote.AbstractProtocol init
INFO: Initializing ProtocolHandler ["http-bio-8080"]
ноя 08, 2015 12:11:02 PM org.apache.coyote.AbstractProtocol init
INFO: Initializing ProtocolHandler ["ajp-bio-8009"]
ноя 08, 2015 12:11:02 PM org.apache.catalina.startup.Catalina load
INFO: Initialization processed in 3495 ms
ноя 08, 2015 12:11:02 PM org.apache.catalina.core.StandardService startInternal
INFO: Starting service Catalina
ноя 08, 2015 12:11:02 PM org.apache.catalina.core.StandardEngine startInternal
INFO: Starting Servlet Engine: Apache Tomcat/7.0.65
ноя 08, 2015 12:11:02 PM org.apache.catalina.startup.HostConfig deployDirectory
INFO: Deploying web application directory C:\apache-tomcat-7.0.65\webapps\docs
ноя 08, 2015 12:11:03 PM org.apache.catalina.util.SessionIdGeneratorBase createSecureRandom
INFO: Creation of SecureRandom instance for session ID generation using [SHA1PRNG] took [126] milliseconds.
ноя 08, 2015 12:11:03 PM org.apache.catalina.startup.HostConfig deployDirectory
INFO: Deployment of web application directory C:\apache-tomcat-7.0.65\webapps\docs has finished in 1,388 ms
ноя 08, 2015 12:11:03 PM org.apache.catalina.startup.HostConfig deployDirectory
INFO: Deploying web application directory C:\apache-tomcat-7.0.65\webapps\examples
ноя 08, 2015 12:11:04 PM org.apache.catalina.startup.HostConfig deployDirectory
INFO: Deployment of web application directory C:\apache-tomcat-7.0.65\webapps\examples has finished in 972 ms
ноя 08, 2015 12:11:04 PM org.apache.catalina.startup.HostConfig deployDirectory
INFO: Deploying web application directory C:\apache-tomcat-7.0.65\webapps\host-manager
ноя 08, 2015 12:11:04 PM org.apache.catalina.startup.HostConfig deployDirectory
INFO: Deployment of web application directory C:\apache-tomcat-7.0.65\webapps\host-manager has finished in 157 ms
ноя 08, 2015 12:11:04 PM org.apache.catalina.startup.HostConfig deployDirectory
INFO: Deploying web application directory C:\apache-tomcat-7.0.65\webapps\manager
ноя 08, 2015 12:11:05 PM org.apache.catalina.startup.HostConfig deployDirectory
INFO: Deployment of web application directory C:\apache-tomcat-7.0.65\webapps\manager has finished in 137 ms
ноя 08, 2015 12:11:05 PM org.apache.catalina.startup.HostConfig deployDirectory
INFO: Deploying web application directory C:\apache-tomcat-7.0.65\webapps\ROOT
ноя 08, 2015 12:11:05 PM org.apache.catalina.startup.HostConfig deployDirectory
INFO: Deployment of web application directory C:\apache-tomcat-7.0.65\webapps\ROOT has finished in 172 ms
ноя 08, 2015 12:11:05 PM org.apache.coyote.AbstractProtocol start
INFO: Starting ProtocolHandler ["http-bio-8080"]
ноя 08, 2015 12:11:05 PM org.apache.coyote.AbstractProtocol start
INFO: Starting ProtocolHandler ["ajp-bio-8009"]
ноя 08, 2015 12:11:05 PM org.apache.catalina.startup.Catalina start
INFO: Server startup in 3074 ms
ноя 08, 2015 12:40:37 PM org.apache.catalina.startup.Catalina stopServer
SEVERE: Could not contact localhost:8005. Tomcat may not be running.
ноя 08, 2015 12:40:37 PM org.apache.catalina.startup.Catalina stopServer
SEVERE: Catalina.stop: 
java.net.ConnectException: Connection refused: connect
	at java.net.DualStackPlainSocketImpl.connect0(Native Method)
	at java.net.DualStackPlainSocketImpl.socketConnect(Unknown Source)
	at java.net.AbstractPlainSocketImpl.doConnect(Unknown Source)
	at java.net.AbstractPlainSocketImpl.connectToAddress(Unknown Source)
	at java.net.AbstractPlainSocketImpl.connect(Unknown Source)
	at java.net.PlainSocketImpl.connect(Unknown Source)
	at java.net.SocksSocketImpl.connect(Unknown Source)
	at java.net.Socket.connect(Unknown Source)
	at java.net.Socket.connect(Unknown Source)
	at java.net.Socket.<init>(Unknown Source)
	at java.net.Socket.<init>(Unknown Source)
	at org.apache.catalina.startup.Catalina.stopServer(Catalina.java:498)
	at sun.reflect.NativeMethodAccessorImpl.invoke0(Native Method)
	at sun.reflect.NativeMethodAccessorImpl.invoke(Unknown Source)
	at sun.reflect.DelegatingMethodAccessorImpl.invoke(Unknown Source)
	at java.lang.reflect.Method.invoke(Unknown Source)
	at org.apache.catalina.startup.Bootstrap.stopServer(Bootstrap.java:343)
	at org.apache.catalina.startup.Bootstrap.main(Bootstrap.java:430)

ноя 08, 2015 12:50:00 PM org.apache.catalina.startup.VersionLoggerListener log
INFO: Server version:        Apache Tomcat/7.0.65
ноя 08, 2015 12:50:00 PM org.apache.catalina.startup.VersionLoggerListener log
INFO: Server built:          Oct 9 2015 08:36:58 UTC
ноя 08, 2015 12:50:00 PM org.apache.catalina.startup.VersionLoggerListener log
INFO: Server number:         7.0.65.0
ноя 08, 2015 12:50:00 PM org.apache.catalina.startup.VersionLoggerListener log
INFO: OS Name:               Windows 8.1
ноя 08, 2015 12:50:00 PM org.apache.catalina.startup.VersionLoggerListener log
INFO: OS Version:            6.3
ноя 08, 2015 12:50:00 PM org.apache.catalina.startup.VersionLoggerListener log
INFO: Architecture:          amd64
ноя 08, 2015 12:50:00 PM org.apache.catalina.startup.VersionLoggerListener log
INFO: Java Home:             C:\Java\jre7
ноя 08, 2015 12:50:00 PM org.apache.catalina.startup.VersionLoggerListener log
INFO: JVM Version:           1.7.0_80-b15
ноя 08, 2015 12:50:00 PM org.apache.catalina.startup.VersionLoggerListener log
INFO: JVM Vendor:            Oracle Corporation
ноя 08, 2015 12:50:00 PM org.apache.catalina.startup.VersionLoggerListener log
INFO: CATALINA_BASE:         C:\Java\ParkSystem\apache-tomcat-parksystem
ноя 08, 2015 12:50:00 PM org.apache.catalina.startup.VersionLoggerListener log
INFO: CATALINA_HOME:         C:\Java\ParkSystem\apache-tomcat-parksystem
ноя 08, 2015 12:50:00 PM org.apache.catalina.startup.VersionLoggerListener log
INFO: Command line argument: -Djava.util.logging.config.file=C:\Java\ParkSystem\apache-tomcat-parksystem\conf\logging.properties
ноя 08, 2015 12:50:00 PM org.apache.catalina.startup.VersionLoggerListener log
INFO: Command line argument: -Djava.util.logging.manager=org.apache.juli.ClassLoaderLogManager
ноя 08, 2015 12:50:00 PM org.apache.catalina.startup.VersionLoggerListener log
INFO: Command line argument: -Djava.endorsed.dirs=C:\Java\ParkSystem\apache-tomcat-parksystem\endorsed
ноя 08, 2015 12:50:00 PM org.apache.catalina.startup.VersionLoggerListener log
INFO: Command line argument: -Dcatalina.base=C:\Java\ParkSystem\apache-tomcat-parksystem
ноя 08, 2015 12:50:00 PM org.apache.catalina.startup.VersionLoggerListener log
INFO: Command line argument: -Dcatalina.home=C:\Java\ParkSystem\apache-tomcat-parksystem
ноя 08, 2015 12:50:00 PM org.apache.catalina.startup.VersionLoggerListener log
INFO: Command line argument: -Djava.io.tmpdir=C:\Java\ParkSystem\apache-tomcat-parksystem\temp
ноя 08, 2015 12:50:00 PM org.apache.catalina.core.AprLifecycleListener lifecycleEvent
INFO: The APR based Apache Tomcat Native library which allows optimal performance in production environments was not found on the java.library.path: C:\Java\jre7\bin;C:\WINDOWS\Sun\Java\bin;C:\WINDOWS\system32;C:\WINDOWS;C:\WINDOWS\system32;C:\WINDOWS;C:\WINDOWS\System32\Wbem;C:\WINDOWS\System32\WindowsPowerShell\v1.0\;C:\Program Files (x86)\ATI Technologies\ATI.ACE\Core-Static;C:\Program Files (x86)\Skype\Phone\;C:\Program Files\Microsoft SQL Server\120\Tools\Binn\;C:\Program Files (x86)\Windows Kits\10\Windows Performance Toolkit\;C:\Java\JDK7.80\bin\;C:\Program Files\Git\cmd;C:\Program Files (x86)\MySQL\MySQL Fabric 1.5 & MySQL Utilities 1.5\;C:\Program Files (x86)\MySQL\MySQL Fabric 1.5 & MySQL Utilities 1.5\Doctrine extensions for PHP\;.
ноя 08, 2015 12:50:00 PM org.apache.coyote.AbstractProtocol init
INFO: Initializing ProtocolHandler ["http-bio-8080"]
ноя 08, 2015 12:50:00 PM org.apache.coyote.AbstractProtocol init
INFO: Initializing ProtocolHandler ["ajp-bio-8009"]
ноя 08, 2015 12:50:00 PM org.apache.catalina.startup.Catalina load
INFO: Initialization processed in 1562 ms
ноя 08, 2015 12:50:00 PM org.apache.catalina.core.StandardService startInternal
INFO: Starting service Catalina
ноя 08, 2015 12:50:00 PM org.apache.catalina.core.StandardEngine startInternal
INFO: Starting Servlet Engine: Apache Tomcat/7.0.65
ноя 08, 2015 12:50:00 PM org.apache.coyote.AbstractProtocol start
INFO: Starting ProtocolHandler ["http-bio-8080"]
ноя 08, 2015 12:50:00 PM org.apache.coyote.AbstractProtocol start
INFO: Starting ProtocolHandler ["ajp-bio-8009"]
ноя 08, 2015 12:50:00 PM org.apache.catalina.startup.Catalina start
INFO: Server startup in 135 ms
ноя 08, 2015 12:50:13 PM org.apache.catalina.startup.Catalina stopServer
SEVERE: Could not contact localhost:8005. Tomcat may not be running.
ноя 08, 2015 12:50:13 PM org.apache.catalina.startup.Catalina stopServer
SEVERE: Catalina.stop: 
java.net.ConnectException: Connection refused: connect
	at java.net.DualStackPlainSocketImpl.connect0(Native Method)
	at java.net.DualStackPlainSocketImpl.socketConnect(Unknown Source)
	at java.net.AbstractPlainSocketImpl.doConnect(Unknown Source)
	at java.net.AbstractPlainSocketImpl.connectToAddress(Unknown Source)
	at java.net.AbstractPlainSocketImpl.connect(Unknown Source)
	at java.net.PlainSocketImpl.connect(Unknown Source)
	at java.net.SocksSocketImpl.connect(Unknown Source)
	at java.net.Socket.connect(Unknown Source)
	at java.net.Socket.connect(Unknown Source)
	at java.net.Socket.<init>(Unknown Source)
	at java.net.Socket.<init>(Unknown Source)
	at org.apache.catalina.startup.Catalina.stopServer(Catalina.java:498)
	at sun.reflect.NativeMethodAccessorImpl.invoke0(Native Method)
	at sun.reflect.NativeMethodAccessorImpl.invoke(Unknown Source)
	at sun.reflect.DelegatingMethodAccessorImpl.invoke(Unknown Source)
	at java.lang.reflect.Method.invoke(Unknown Source)
	at org.apache.catalina.startup.Bootstrap.stopServer(Bootstrap.java:343)
	at org.apache.catalina.startup.Bootstrap.main(Bootstrap.java:430)

